<?xml version="1.0" encoding="UTF-8" ?>
<testsuites disabled="0" errors="0" failures="0" tests="14" time="2.085">
 <testsuite name="Validate Articles functionality" timestamp="2023-11-14T22:10:44" hostname="localhost" time="0.64" errors="0" tests="4" skipped="0" disabled="0" failures="0">
  <testcase classname="Validate Articles functionality" name="/GET articles: fetch articles for a specific user" time="0.087" />
  <testcase classname="Validate Articles functionality" name="/GET articles/id: fetch article by valid id" time="0.061" />
  <testcase classname="Validate Articles functionality" name="/GET articles/id: fetch article by invalid id" time="0.059" />
  <testcase classname="Validate Articles functionality" name="/POST articles: upload a new article" time="0.199" />
 </testsuite>
 <testsuite name="Validate Registration and Login functionality" timestamp="2023-11-14T22:10:45" hostname="localhost" time="0.384" errors="0" tests="3" skipped="0" disabled="0" failures="0">
  <testcase classname="Validate Registration and Login functionality" name="/POST register: register new user" time="0.217" />
  <testcase classname="Validate Registration and Login functionality" name="/POST login: login user" time="0.163" />
  <testcase classname="Validate Registration and Login functionality" name="/POST logout: log out user" time="0.003" />
 </testsuite>
 <testsuite name="Backend tests" timestamp="2023-11-14T22:10:45" hostname="localhost" time="0.698" errors="0" tests="5" skipped="0" disabled="0" failures="0">
  <testcase classname="Backend tests" name="/POST register: register new user" time="0.237" />
  <testcase classname="Backend tests" name="/POST login: login user" time="0.148" />
  <testcase classname="Backend tests" name="/POST articles: upload a new article" time="0.192" />
  <testcase classname="Backend tests" name="/GET articles: fetch articles for a specific user" time="0.106" />
  <testcase classname="Backend tests" name="/POST logout: log out user" time="0.014" />
 </testsuite>
 <testsuite name="Validate Profile functionality" timestamp="2023-11-14T22:10:46" hostname="localhost" time="0.363" errors="0" tests="2" skipped="0" disabled="0" failures="0">
  <testcase classname="Validate Profile functionality" name="/GET headline: fetch headline for a specific user" time="0.061" />
  <testcase classname="Validate Profile functionality" name="/PUT headline: change headline for a specific user" time="0.117" />
 </testsuite>
</testsuites>