<?xml version="1.0" encoding="UTF-8" ?>
<testsuites disabled="0" errors="0" failures="0" tests="9" time="1.409">
 <testsuite name="Validate Articles functionality" timestamp="2023-11-14T17:51:57" hostname="localhost" time="0.717" errors="0" tests="4" skipped="0" disabled="0" failures="0">
  <testcase classname="Validate Articles functionality" name="/GET articles: fetch articles for a specific user" time="0.065" />
  <testcase classname="Validate Articles functionality" name="/GET articles/id: fetch article by valid id" time="0.062" />
  <testcase classname="Validate Articles functionality" name="/GET articles/id: fetch article by invalid id" time="0.054" />
  <testcase classname="Validate Articles functionality" name="/POST articles: upload a new article" time="0.13" />
 </testsuite>
 <testsuite name="Validate Registration and Login functionality" timestamp="2023-11-14T17:51:57" hostname="localhost" time="0.375" errors="0" tests="3" skipped="0" disabled="0" failures="0">
  <testcase classname="Validate Registration and Login functionality" name="/POST register: register new user" time="0.217" />
  <testcase classname="Validate Registration and Login functionality" name="/POST login: login user" time="0.155" />
  <testcase classname="Validate Registration and Login functionality" name="/POST logout: log out user" time="0.003" />
 </testsuite>
 <testsuite name="Validate Profile functionality" timestamp="2023-11-14T17:51:58" hostname="localhost" time="0.317" errors="0" tests="2" skipped="0" disabled="0" failures="0">
  <testcase classname="Validate Profile functionality" name="/GET headline: fetch headline for a specific user" time="0.056" />
  <testcase classname="Validate Profile functionality" name="/PUT headline: change headline for a specific user" time="0.113" />
 </testsuite>
</testsuites>